[00:00] Crash dump logging enabled: D:\a\ComfyUI-Sharp\ComfyUI-Sharp\comfy-test-logs\Sharp-1202\windows-cpu\crash_dump.log
[00:00] 
[00:00] [1/3] REGISTRATION
[00:00] ----------------------------------------
[00:00] [DEBUG] server=None, server_url=http://127.0.0.1:8188, api=None
[00:00] 
Connecting to existing server at http://127.0.0.1:8188...
[00:00] Connecting to existing server at http://127.0.0.1:8188...
[00:00] Connected to server! (attempt 1, 0.0s)
[00:00] Checking for import errors in server logs...
[00:00] No import errors detected
[00:00] Found 685 registered nodes
[00:00] [REGISTRATION] PASSED
[00:00] 
[00:00] [2/3] INSTANTIATION
[00:00] ----------------------------------------
[00:00] [DEBUG] server=<comfy_test.comfyui.server.ExternalComfyUIServer object at 0x000001E5E9834440>, server_url=http://127.0.0.1:8188, api=<comfy_test.comfyui.api.ComfyUIAPI object at 0x000001E5E9834590>
[00:00] Testing node constructors...
[00:02] All 8 node(s) instantiated successfully!
[00:02] [INSTANTIATION] PASSED
[00:02] 
[00:02] [3/3] EXECUTION
[00:02] ----------------------------------------
[00:02] [DEBUG] server=<comfy_test.comfyui.server.ExternalComfyUIServer object at 0x000001E5E9834440>, server_url=http://127.0.0.1:8188, api=<comfy_test.comfyui.api.ComfyUIAPI object at 0x000001E5E9834590>
[00:02] CPU runner - will execute 2 workflow(s)
[00:02] Running 3 workflow(s) (all with videos)...
[00:02] Starting headless browser...
[00:04]   [1/3] SKIPPED (not in cpu list) pano.json
[00:04] Capturing execution frames: sharp_basic.json
[00:04]   [Console-error] Failed to load resource: the server responded with a status of 404 (Not Found)
[00:04]   [Console-error] Failed to load resource: the server responded with a status of 404 (Not Found)
[00:05]   [Console-error] Failed to load resource: the server responded with a status of 404 (Not Found)
[00:05]   [Console-error] Failed to load resource: the server responded with a status of 404 (Not Found)
[00:05]   [Console-error] Failed to load resource: the server responded with a status of 404 (Not Found)
[00:05]   [Console-error] Failed to load resource: the server responded with a status of 404 (Not Found)
[00:05]   [Console-warning] [ComfyUI Deprecated] Importing from "scripts/ui.js" is deprecated and will be removed in v1.34.
[00:06]   [Console-warning] WARNING: Multiple instances of Three.js being imported.
[00:06]   [Console-warning] [MaskEditor] ComfyApp.open_maskeditor is deprecated. Plugins should migrate to using the command system or direct node context menu integration.
[00:06]   [Console-warning] [ComfyUI Deprecated] Importing from "scripts/ui/components/buttonGroup.js" is deprecated and will be removed in v1.34.
[00:06]   [Console-warning] [ComfyUI Deprecated] Importing from "scripts/ui/components/button.js" is deprecated and will be removed in v1.34.
[00:07]   [Console-warning] [.WebGL-0xfec0c72ce00]GL Driver Message (OpenGL, Performance, GL_CLOSE_PATH_NV, High): GPU stall due to ReadPixels
[00:07]   [Console-warning] [.WebGL-0xfec0c72ce00]GL Driver Message (OpenGL, Performance, GL_CLOSE_PATH_NV, High): GPU stall due to ReadPixels
[00:07]   [Console-warning] [.WebGL-0xfec0c72ce00]GL Driver Message (OpenGL, Performance, GL_CLOSE_PATH_NV, High): GPU stall due to ReadPixels
[00:07]   [Console-warning] [.WebGL-0xfec0c72ce00]GL Driver Message (OpenGL, Performance, GL_CLOSE_PATH_NV, High): GPU stall due to ReadPixels (this message will no longer repeat)
[00:10]   Frame 1 saved (frame_000.jpg, t=0.0s)
[00:10]   Validating workflow...
[00:10]   Queuing workflow for execution...
[00:13]   Frame 2 saved (frame_001.jpg, t=2.5s)
[00:29]   Frame 3 saved (frame_002.jpg, t=18.7s)
[05:11]   Frame 4 saved (frame_003.jpg, t=300.8s)
[05:15]   Node executed (1 total), capturing...
[05:15]   Frame 5 saved (frame_004.jpg, t=305.5s)
[05:16]   Execution complete (t=305.8s)
[05:16]   [3d-wait] viewer_ready=False, matching_logs=[], total_console_logs=66
[05:16]   [3d-wait] Waiting for '[GaussianViewer] Loaded successfully' console message (timeout=60s)...
[05:17]   [3d-wait] Got it!
[05:17]   [3d-wait] Unfrozen, waiting for first paint...
[05:32]   [3d-wait] Frozen after viewer render
[05:32]   Captured 5 unique frames over 322.24s
[05:46]   [debug] iframes: 1
[05:46]   [debug]   iframe[0]: src=http://127.0.0.1:8188/extensions/ComfyUI-GeometryPack/viewer_gaussian.html?v=177, canvas=1536x1024, rafFrozen=True
[05:46]   [timing] trigger_3d_previews: 0.0s
[05:48]   Saved high-quality screenshot: sharp_basic_executed.png
[05:48]   [timing] final_screenshot: 1.4s
[05:48] Capturing execution frames: sharp_exif.json
[05:48]   [Console-error] Failed to load resource: the server responded with a status of 404 (Not Found)
[05:48]   [Console-error] Failed to load resource: the server responded with a status of 404 (Not Found)
[05:49]   [Console-error] Failed to load resource: the server responded with a status of 404 (Not Found)
[05:49]   [Console-error] Failed to load resource: the server responded with a status of 404 (Not Found)
[05:49]   [Console-error] Failed to load resource: the server responded with a status of 404 (Not Found)
[05:49]   [Console-error] Failed to load resource: the server responded with a status of 404 (Not Found)
[05:49]   [Console-warning] WARNING: Multiple instances of Three.js being imported.
[05:49]   [Console-warning] [ComfyUI Deprecated] Importing from "scripts/ui.js" is deprecated and will be removed in v1.34.
[05:49]   [Console-warning] [MaskEditor] ComfyApp.open_maskeditor is deprecated. Plugins should migrate to using the command system or direct node context menu integration.
[05:50]   [Console-warning] [ComfyUI Deprecated] Importing from "scripts/ui/components/buttonGroup.js" is deprecated and will be removed in v1.34.
[05:50]   [Console-warning] [ComfyUI Deprecated] Importing from "scripts/ui/components/button.js" is deprecated and will be removed in v1.34.
[05:54]   Frame 1 saved (frame_000.jpg, t=0.0s)
[05:54]   Validating workflow...
[05:54]   Queuing workflow for execution...
[05:56]   Frame 2 saved (frame_001.jpg, t=2.3s)
[06:01]   Frame 3 saved (frame_002.jpg, t=6.9s)
[06:15]   Frame 4 saved (frame_003.jpg, t=20.6s)
[11:08]   Frame 5 saved (frame_004.jpg, t=313.7s)
[11:11]   Node executed (1 total), capturing...
[11:11]   Frame 6 saved (frame_005.jpg, t=317.2s)
[11:11]   Execution complete (t=317.2s)
[11:11]   [3d-wait] viewer_ready=False, matching_logs=[], total_console_logs=64
[11:11]   [3d-wait] Waiting for '[GaussianViewer] Loaded successfully' console message (timeout=60s)...
[11:15]   [3d-wait] Got it!
[11:16]   [3d-wait] Unfrozen, waiting for first paint...
[11:33]   [3d-wait] Frozen after viewer render
[11:33]   Captured 6 unique frames over 339.46s
[11:50]   [debug] iframes: 1
[11:50]   [debug]   iframe[0]: src=http://127.0.0.1:8188/extensions/ComfyUI-GeometryPack/viewer_gaussian.html?v=177, canvas=3040x2022, rafFrozen=True
[11:50]   [timing] trigger_3d_previews: 0.0s
[11:52]   Saved high-quality screenshot: sharp_exif_executed.png
[11:52]   [timing] final_screenshot: 1.5s
[11:53] Results saved to D:\a\ComfyUI-Sharp\ComfyUI-Sharp\comfy-test-logs\Sharp-1202\windows-cpu\results.json
[11:53] Model report: 3 files, 2.6 GB -> D:\a\ComfyUI-Sharp\ComfyUI-Sharp\comfy-test-logs\Sharp-1202\windows-cpu\models.json
[11:53] Saved: D:\a\ComfyUI-Sharp\ComfyUI-Sharp\comfy-test-logs\Sharp-1202\windows-cpu\index.html
[11:53] [EXECUTION] PASSED
[11:53] 
windows: PASSED
