Capturing execution frames: pano.json
  [Console-error] Failed to load resource: the server responded with a status of 404 (Not Found)
  [Console-error] Failed to load resource: the server responded with a status of 404 (Not Found)
  [Console-error] Failed to load resource: the server responded with a status of 404 (Not Found)
  [Console-error] Failed to load resource: the server responded with a status of 404 (Not Found)
  [Console-error] Failed to load resource: the server responded with a status of 404 (Not Found)
  [Console-error] Failed to load resource: the server responded with a status of 404 (Not Found)
  [Console-warning] WARNING: Multiple instances of Three.js being imported.
  [Console-warning] [ComfyUI Deprecated] Importing from "scripts/ui.js" is deprecated and will be removed in v1.34.
  [Console-warning] [MaskEditor] ComfyApp.open_maskeditor is deprecated. Plugins should migrate to using the command system or direct node context menu integration.
  [Console-warning] [ComfyUI Deprecated] Importing from "scripts/ui/components/buttonGroup.js" is deprecated and will be removed in v1.34.
  [Console-warning] [ComfyUI Deprecated] Importing from "scripts/ui/components/button.js" is deprecated and will be removed in v1.34.
  Frame 1 saved (frame_000.jpg, t=0.0s)
  Validating workflow...
  Queuing workflow for execution...
  Frame 2 saved (frame_001.jpg, t=3.1s)
  Frame 3 saved (frame_002.jpg, t=18.5s)
  Node executed (1 total), capturing...
  Frame 4 saved (frame_003.jpg, t=23.4s)
  Frame 5 saved (frame_004.jpg, t=74.2s)
  Frame 6 saved (frame_005.jpg, t=120.9s)
  Node executed (2 total), capturing...
  Frame 7 saved (frame_006.jpg, t=135.9s)
  Node executed (4 total), capturing...
  Frame 8 saved (frame_007.jpg, t=137.1s)
  Frame 9 saved (frame_008.jpg, t=194.4s)
  Frame 10 saved (frame_009.jpg, t=207.3s)
  Node executed (6 total), capturing...
  Frame 11 saved (frame_010.jpg, t=208.5s)
  Execution complete (t=208.5s)
  [3d-wait] viewer_ready=False, matching_logs=[], total_console_logs=55
  [3d-wait] Waiting for '[GaussianViewer] Loaded successfully' console message (timeout=60s)...
  [3d-wait] Exception: Timeout 60000ms exceeded while waiting for event "console"
=========================== logs ===========================
waiting for event "console"
============================================================
  Captured 11 unique frames over 269.2s
  [debug] iframes: 0
  [timing] trigger_3d_previews: 0.0s
  Saved high-quality screenshot: pano_executed.png
  [timing] final_screenshot: 2.4s
    Captured 12 video frames