[00:00] Crash dump logging enabled: D:\a\ComfyUI-Sharp\ComfyUI-Sharp\comfy-test-logs\Sharp-1205\windows_portable-cpu\crash_dump.log
[00:00] 
[00:00] [1/3] REGISTRATION
[00:00] ----------------------------------------
[00:00] [DEBUG] server=None, server_url=http://127.0.0.1:8188, api=None
[00:00] 
Connecting to existing server at http://127.0.0.1:8188...
[00:00] Connecting to existing server at http://127.0.0.1:8188...
[00:00] Connected to server! (attempt 1, 0.0s)
[00:00] Checking for import errors in server logs...
[00:00] No import errors detected
[00:00] Found 692 registered nodes
[00:00] [REGISTRATION] PASSED
[00:00] 
[00:00] [2/3] INSTANTIATION
[00:00] ----------------------------------------
[00:00] [DEBUG] server=<comfy_test.comfyui.server.ExternalComfyUIServer object at 0x00000248BD180C20>, server_url=http://127.0.0.1:8188, api=<comfy_test.comfyui.api.ComfyUIAPI object at 0x00000248BD180D70>
[00:00] Testing node constructors...
[00:02] All 8 node(s) instantiated successfully!
[00:02] [INSTANTIATION] PASSED
[00:02] 
[00:02] [3/3] EXECUTION
[00:02] ----------------------------------------
[00:02] [DEBUG] server=<comfy_test.comfyui.server.ExternalComfyUIServer object at 0x00000248BD180C20>, server_url=http://127.0.0.1:8188, api=<comfy_test.comfyui.api.ComfyUIAPI object at 0x00000248BD180D70>
[00:02] CPU runner - will execute 2 workflow(s)
[00:02] Running 3 workflow(s) (all with videos)...
[00:03] Starting headless browser...
[00:06]   [1/3] SKIPPED (not in cpu list) pano.json
[00:06] Capturing execution frames: sharp_basic.json
[00:07]   [Console-error] Failed to load resource: the server responded with a status of 404 (Not Found)
[00:07]   [Console-error] Failed to load resource: the server responded with a status of 404 (Not Found)
[00:08]   [Console-error] Failed to load resource: the server responded with a status of 404 (Not Found)
[00:09]   [Console-error] Failed to load resource: the server responded with a status of 404 (Not Found)
[00:09]   [Console-error] Failed to load resource: the server responded with a status of 404 (Not Found)
[00:09]   [Console-error] Failed to load resource: the server responded with a status of 404 (Not Found)
[00:09]   [Console-warning] WARNING: Multiple instances of Three.js being imported.
[00:09]   [Console-warning] [ComfyUI Deprecated] Importing from "scripts/ui.js" is deprecated and will be removed in v1.34.
[00:09]   [Console-warning] [MaskEditor] ComfyApp.open_maskeditor is deprecated. Plugins should migrate to using the command system or direct node context menu integration.
[00:10]   [Console-warning] [ComfyUI Deprecated] Importing from "scripts/ui/components/buttonGroup.js" is deprecated and will be removed in v1.34.
[00:10]   [Console-warning] [ComfyUI Deprecated] Importing from "scripts/ui/components/button.js" is deprecated and will be removed in v1.34.
[00:12]   [Console-warning] [.WebGL-0x35c0c198000]GL Driver Message (OpenGL, Performance, GL_CLOSE_PATH_NV, High): GPU stall due to ReadPixels
[00:12]   [Console-warning] [.WebGL-0x35c0c198000]GL Driver Message (OpenGL, Performance, GL_CLOSE_PATH_NV, High): GPU stall due to ReadPixels
[00:12]   [Console-warning] [.WebGL-0x35c0c198000]GL Driver Message (OpenGL, Performance, GL_CLOSE_PATH_NV, High): GPU stall due to ReadPixels
[00:12]   [Console-warning] [.WebGL-0x35c0c198000]GL Driver Message (OpenGL, Performance, GL_CLOSE_PATH_NV, High): GPU stall due to ReadPixels (this message will no longer repeat)
[00:14]   Frame 1 saved (frame_000.jpg, t=0.0s)
[00:14]   Validating workflow...
[00:14]   Queuing workflow for execution...
[00:17]   Frame 2 saved (frame_001.jpg, t=2.4s)
[00:30]   Frame 3 saved (frame_002.jpg, t=16.1s)
[00:46]   Frame 4 saved (frame_003.jpg, t=31.9s)
[05:42]   Frame 5 saved (frame_004.jpg, t=327.4s)
[06:29]   Node executed (1 total), capturing...
[06:29]   Frame 6 saved (frame_005.jpg, t=374.9s)
[06:29]   Execution complete (t=374.9s)
[06:29]   Captured 6 unique frames over 375.18s
[06:29]   [debug] iframes: 1
[06:29]   [debug]   iframe[0]: src=http://127.0.0.1:8188/extensions/ComfyUI-GeometryPack/viewer_gaussian.html?v=177, canvas=588x610, rafFrozen=True
[06:44]   [timing] trigger_3d_previews: 14.5s
[06:54]   Saved high-quality screenshot: sharp_basic_executed.png
[06:54]   [timing] final_screenshot: 10.1s
[06:54] Capturing execution frames: sharp_exif.json
[06:54]   [Console-error] Failed to load resource: the server responded with a status of 404 (Not Found)
[06:54]   [Console-error] Failed to load resource: the server responded with a status of 404 (Not Found)
[06:55]   [Console-error] Failed to load resource: the server responded with a status of 404 (Not Found)
[06:55]   [Console-error] Failed to load resource: the server responded with a status of 404 (Not Found)
[06:55]   [Console-error] Failed to load resource: the server responded with a status of 404 (Not Found)
[06:55]   [Console-error] Failed to load resource: the server responded with a status of 404 (Not Found)
[06:55]   [Console-warning] WARNING: Multiple instances of Three.js being imported.
[06:55]   [Console-warning] [ComfyUI Deprecated] Importing from "scripts/ui.js" is deprecated and will be removed in v1.34.
[06:56]   [Console-warning] [MaskEditor] ComfyApp.open_maskeditor is deprecated. Plugins should migrate to using the command system or direct node context menu integration.
[06:56]   [Console-warning] [ComfyUI Deprecated] Importing from "scripts/ui/components/buttonGroup.js" is deprecated and will be removed in v1.34.
[06:56]   [Console-warning] [ComfyUI Deprecated] Importing from "scripts/ui/components/button.js" is deprecated and will be removed in v1.34.
[07:00]   Frame 1 saved (frame_000.jpg, t=0.0s)
[07:00]   Validating workflow...
[07:00]   Queuing workflow for execution...
[07:03]   Frame 2 saved (frame_001.jpg, t=2.3s)
[07:05]   Frame 3 saved (frame_002.jpg, t=4.6s)
[07:14]   Frame 4 saved (frame_003.jpg, t=13.6s)
[12:11]   Frame 5 saved (frame_004.jpg, t=311.1s)
[12:38]   Node executed (1 total), capturing...
[12:38]   Frame 6 saved (frame_005.jpg, t=337.9s)
[12:38]   Execution complete (t=337.9s)
[12:38]   Captured 6 unique frames over 338.22s
[12:38]   [debug] iframes: 1
[12:38]   [debug]   iframe[0]: src=http://127.0.0.1:8188/extensions/ComfyUI-GeometryPack/viewer_gaussian.html?v=177, canvas=588x385, rafFrozen=True
[12:55]   [timing] trigger_3d_previews: 16.3s
[13:07]   Saved high-quality screenshot: sharp_exif_executed.png
[13:07]   [timing] final_screenshot: 12.1s
[13:08] Results saved to D:\a\ComfyUI-Sharp\ComfyUI-Sharp\comfy-test-logs\Sharp-1205\windows_portable-cpu\results.json
[13:08] Model report: 11 files, 2.6 GB -> D:\a\ComfyUI-Sharp\ComfyUI-Sharp\comfy-test-logs\Sharp-1205\windows_portable-cpu\models.json
[13:08] Saved: D:\a\ComfyUI-Sharp\ComfyUI-Sharp\comfy-test-logs\Sharp-1205\windows_portable-cpu\index.html
[13:08] [EXECUTION] PASSED
[13:08] 
windows_portable: PASSED
