[00:00] Crash dump logging enabled: /Users/runner/work/ComfyUI-Sharp/ComfyUI-Sharp/comfy-test-logs/Sharp-1158/macos-cpu/crash_dump.log
[00:00] 
[00:00] [1/3] REGISTRATION
[00:00] ----------------------------------------
[00:00] [DEBUG] server=None, server_url=http://127.0.0.1:8188, api=None
[00:00] 
Connecting to existing server at http://127.0.0.1:8188...
[00:00] Connecting to existing server at http://127.0.0.1:8188...
[00:00] Connected to server! (attempt 1, 0.0s)
[00:00] Checking for import errors in server logs...
[00:00] No import errors detected
[00:00] Found 685 registered nodes
[00:00] [REGISTRATION] PASSED
[00:00] 
[00:00] [2/3] INSTANTIATION
[00:00] ----------------------------------------
[00:00] [DEBUG] server=<comfy_test.comfyui.server.ExternalComfyUIServer object at 0x101b90590>, server_url=http://127.0.0.1:8188, api=<comfy_test.comfyui.api.ComfyUIAPI object at 0x101b906e0>
[00:00] Testing node constructors...
[00:01] All 8 node(s) instantiated successfully!
[00:01] [INSTANTIATION] PASSED
[00:01] 
[00:01] [3/3] EXECUTION
[00:01] ----------------------------------------
[00:01] [DEBUG] server=<comfy_test.comfyui.server.ExternalComfyUIServer object at 0x101b90590>, server_url=http://127.0.0.1:8188, api=<comfy_test.comfyui.api.ComfyUIAPI object at 0x101b906e0>
[00:01] CPU runner - will execute 2 workflow(s)
[00:01] Running 3 workflow(s) (all with videos)...
[00:01] Starting headless browser...
[00:02]   [1/3] SKIPPED (not in cpu list) pano.json
[00:02] Capturing execution frames: sharp_basic.json
[00:03]   [Console-error] Failed to load resource: the server responded with a status of 404 (Not Found)
[00:03]   [Console-error] Failed to load resource: the server responded with a status of 404 (Not Found)
[00:03]   [Console-error] Failed to load resource: the server responded with a status of 404 (Not Found)
[00:03]   [Console-error] Failed to load resource: the server responded with a status of 404 (Not Found)
[00:03]   [Console-error] Failed to load resource: the server responded with a status of 404 (Not Found)
[00:03]   [Console-error] Failed to load resource: the server responded with a status of 404 (Not Found)
[00:03]   [Console-warning] WARNING: Multiple instances of Three.js being imported.
[00:03]   [Console-warning] [ComfyUI Deprecated] Importing from "scripts/ui.js" is deprecated and will be removed in v1.34.
[00:03]   [Console-warning] [MaskEditor] ComfyApp.open_maskeditor is deprecated. Plugins should migrate to using the command system or direct node context menu integration.
[00:04]   [Console-warning] [ComfyUI Deprecated] Importing from "scripts/ui/components/buttonGroup.js" is deprecated and will be removed in v1.34.
[00:04]   [Console-warning] [ComfyUI Deprecated] Importing from "scripts/ui/components/button.js" is deprecated and will be removed in v1.34.
[00:05]   [Console-warning] [.WebGL-0x11c001e3400]GL Driver Message (OpenGL, Performance, GL_CLOSE_PATH_NV, High): GPU stall due to ReadPixels
[00:05]   [Console-warning] [.WebGL-0x11c001e3400]GL Driver Message (OpenGL, Performance, GL_CLOSE_PATH_NV, High): GPU stall due to ReadPixels
[00:05]   [Console-warning] [.WebGL-0x11c001e3400]GL Driver Message (OpenGL, Performance, GL_CLOSE_PATH_NV, High): GPU stall due to ReadPixels
[00:05]   [Console-warning] [.WebGL-0x11c001e3400]GL Driver Message (OpenGL, Performance, GL_CLOSE_PATH_NV, High): GPU stall due to ReadPixels (this message will no longer repeat)
[00:08]   Frame 1 saved (frame_000.jpg, t=0.0s)
[00:08]   Validating workflow...
[00:08]   Queuing workflow for execution...
[00:11]   Frame 2 saved (frame_001.jpg, t=2.3s)
[00:13]   Frame 3 saved (frame_002.jpg, t=5.1s)
[00:43]   Frame 4 saved (frame_003.jpg, t=35.3s)
[01:29]   Frame 5 saved (frame_004.jpg, t=81.2s)
[12:01]   Frame 6 saved (frame_005.jpg, t=713.1s)
[12:03]   Node executed (1 total), capturing...
[12:03]   Frame 7 saved (frame_006.jpg, t=715.5s)
[12:03]   Execution complete (t=715.5s)
[12:03]   [3d-wait] viewer_ready=False, matching_logs=[], total_console_logs=66
[12:03]   [3d-wait] Waiting for '[GaussianViewer] Loaded successfully' console message (timeout=60s)...
[12:06]   [3d-wait] Got it!
[12:06]   [3d-wait] Unfrozen, waiting for first paint...
[12:18]   [3d-wait] Frozen after viewer render
[12:18]   Captured 7 unique frames over 729.86s
[12:27]   [debug] iframes: 1
[12:27]   [debug]   iframe[0]: src=http://127.0.0.1:8188/extensions/ComfyUI-GeometryPack/viewer_gaussian.html?v=177, canvas=1536x1024, rafFrozen=True
[12:27]   [timing] trigger_3d_previews: 0.0s
[12:27]   Saved high-quality screenshot: sharp_basic_executed.png
[12:27]   [timing] final_screenshot: 0.9s
[12:27] Capturing execution frames: sharp_exif.json
[12:28]   [Console-error] Failed to load resource: the server responded with a status of 404 (Not Found)
[12:28]   [Console-error] Failed to load resource: the server responded with a status of 404 (Not Found)
[12:28]   [Console-error] Failed to load resource: the server responded with a status of 404 (Not Found)
[12:28]   [Console-error] Failed to load resource: the server responded with a status of 404 (Not Found)
[12:28]   [Console-error] Failed to load resource: the server responded with a status of 404 (Not Found)
[12:28]   [Console-error] Failed to load resource: the server responded with a status of 404 (Not Found)
[12:29]   [Console-warning] [ComfyUI Deprecated] Importing from "scripts/ui.js" is deprecated and will be removed in v1.34.
[12:29]   [Console-warning] WARNING: Multiple instances of Three.js being imported.
[12:29]   [Console-warning] [MaskEditor] ComfyApp.open_maskeditor is deprecated. Plugins should migrate to using the command system or direct node context menu integration.
[12:29]   [Console-warning] [ComfyUI Deprecated] Importing from "scripts/ui/components/buttonGroup.js" is deprecated and will be removed in v1.34.
[12:29]   [Console-warning] [ComfyUI Deprecated] Importing from "scripts/ui/components/button.js" is deprecated and will be removed in v1.34.
[12:33]   Frame 1 saved (frame_000.jpg, t=0.0s)
[12:33]   Validating workflow...
[12:33]   Queuing workflow for execution...
[12:37]   Frame 2 saved (frame_001.jpg, t=2.8s)
[12:42]   Frame 3 saved (frame_002.jpg, t=8.6s)
[23:46]   Frame 4 saved (frame_003.jpg, t=672.6s)
[23:48]   Node executed (1 total), capturing...
[23:49]   Frame 5 saved (frame_004.jpg, t=675.5s)
[23:49]   Execution complete (t=675.7s)
[23:49]   [3d-wait] viewer_ready=False, matching_logs=[], total_console_logs=64
[23:49]   [3d-wait] Waiting for '[GaussianViewer] Loaded successfully' console message (timeout=60s)...
[23:51]   [3d-wait] Got it!
[23:51]   [3d-wait] Unfrozen, waiting for first paint...
[24:02]   [3d-wait] Frozen after viewer render
[24:02]   Captured 5 unique frames over 689.3s
[24:12]   [debug] iframes: 1
[24:12]   [debug]   iframe[0]: src=http://127.0.0.1:8188/extensions/ComfyUI-GeometryPack/viewer_gaussian.html?v=177, canvas=3040x2022, rafFrozen=True
[24:12]   [timing] trigger_3d_previews: 0.0s
[24:13]   Saved high-quality screenshot: sharp_exif_executed.png
[24:13]   [timing] final_screenshot: 0.9s
[24:13] Results saved to /Users/runner/work/ComfyUI-Sharp/ComfyUI-Sharp/comfy-test-logs/Sharp-1158/macos-cpu/results.json
[24:13] Model report: 3 files, 2.6 GB -> /Users/runner/work/ComfyUI-Sharp/ComfyUI-Sharp/comfy-test-logs/Sharp-1158/macos-cpu/models.json
[24:13] Saved: /Users/runner/work/ComfyUI-Sharp/ComfyUI-Sharp/comfy-test-logs/Sharp-1158/macos-cpu/index.html
[24:13] [EXECUTION] PASSED
[24:13] 
macos: PASSED
