[00:00] Crash dump logging enabled: /home/runner/work/ComfyUI-Sharp/ComfyUI-Sharp/comfy-test-logs/Sharp-1201/linux-cpu/crash_dump.log
[00:00] 
[00:00] [1/3] REGISTRATION
[00:00] ----------------------------------------
[00:00] [DEBUG] server=None, server_url=http://127.0.0.1:8188, api=None
[00:00] 
Connecting to existing server at http://127.0.0.1:8188...
[00:00] Connecting to existing server at http://127.0.0.1:8188...
[00:00] Connected to server! (attempt 1, 0.0s)
[00:00] Checking for import errors in server logs...
[00:00] No import errors detected
[00:00] Found 706 registered nodes
[00:00] [REGISTRATION] PASSED
[00:00] 
[00:00] [2/3] INSTANTIATION
[00:00] ----------------------------------------
[00:00] [DEBUG] server=<comfy_test.comfyui.server.ExternalComfyUIServer object at 0x7faaea2c8590>, server_url=http://127.0.0.1:8188, api=<comfy_test.comfyui.api.ComfyUIAPI object at 0x7faaea2c86e0>
[00:00] Testing node constructors...
[00:01] All 8 node(s) instantiated successfully!
[00:01] [INSTANTIATION] PASSED
[00:01] 
[00:01] [3/3] EXECUTION
[00:01] ----------------------------------------
[00:01] [DEBUG] server=<comfy_test.comfyui.server.ExternalComfyUIServer object at 0x7faaea2c8590>, server_url=http://127.0.0.1:8188, api=<comfy_test.comfyui.api.ComfyUIAPI object at 0x7faaea2c86e0>
[00:01] CPU runner - will execute 2 workflow(s)
[00:01] Running 3 workflow(s) (all with videos)...
[00:02] Starting headless browser...
[00:03]   [1/3] SKIPPED (not in cpu list) pano.json
[00:04] Capturing execution frames: sharp_basic.json
[00:04]   [Console-error] Failed to load resource: the server responded with a status of 404 (Not Found)
[00:04]   [Console-error] Failed to load resource: the server responded with a status of 404 (Not Found)
[00:04]   [Console-error] Failed to load resource: the server responded with a status of 404 (Not Found)
[00:05]   [Console-error] Failed to load resource: the server responded with a status of 404 (Not Found)
[00:05]   [Console-error] Failed to load resource: the server responded with a status of 404 (Not Found)
[00:05]   [Console-error] Failed to load resource: the server responded with a status of 404 (Not Found)
[00:05]   [Console-warning] WARNING: Multiple instances of Three.js being imported.
[00:05]   [Console-warning] [ComfyUI Deprecated] Importing from "scripts/ui.js" is deprecated and will be removed in v1.34.
[00:05]   [Console-warning] [MaskEditor] ComfyApp.open_maskeditor is deprecated. Plugins should migrate to using the command system or direct node context menu integration.
[00:05]   [Console-warning] [ComfyUI Deprecated] Importing from "scripts/ui/components/buttonGroup.js" is deprecated and will be removed in v1.34.
[00:05]   [Console-warning] [ComfyUI Deprecated] Importing from "scripts/ui/components/button.js" is deprecated and will be removed in v1.34.
[00:07]   [Console-warning] [.WebGL-0x1e6c059f3800]GL Driver Message (OpenGL, Performance, GL_CLOSE_PATH_NV, High): GPU stall due to ReadPixels
[00:07]   [Console-warning] [.WebGL-0x1e6c059f3800]GL Driver Message (OpenGL, Performance, GL_CLOSE_PATH_NV, High): GPU stall due to ReadPixels
[00:07]   [Console-warning] [.WebGL-0x1e6c059f3800]GL Driver Message (OpenGL, Performance, GL_CLOSE_PATH_NV, High): GPU stall due to ReadPixels
[00:07]   [Console-warning] [.WebGL-0x1e6c059f3800]GL Driver Message (OpenGL, Performance, GL_CLOSE_PATH_NV, High): GPU stall due to ReadPixels (this message will no longer repeat)
[00:10]   Frame 1 saved (frame_000.jpg, t=0.0s)
[00:10]   Validating workflow...
[00:10]   Queuing workflow for execution...
[00:13]   Frame 2 saved (frame_001.jpg, t=2.4s)
[00:20]   Frame 3 saved (frame_002.jpg, t=10.3s)
[01:06]   Frame 4 saved (frame_003.jpg, t=55.8s)
[03:19]   Node executed (1 total), capturing...
[03:19]   Frame 5 saved (frame_004.jpg, t=189.0s)
[03:20]   Execution complete (t=190.1s)
[03:20]   [3d-wait] viewer_ready=True, matching_logs=['[Console-log] [GaussianViewer] Loaded successfully from URL'], total_console_logs=88
[03:20]   [3d-wait] Already loaded, skipping wait
[03:20]   [3d-wait] Unfrozen, waiting for first paint...
[03:34]   [3d-wait] Frozen after viewer render
[03:34]   Captured 5 unique frames over 203.7s
[03:47]   [debug] iframes: 1
[03:47]   [debug]   iframe[0]: src=http://127.0.0.1:8188/extensions/ComfyUI-GeometryPack/viewer_gaussian.html?v=177, canvas=1536x1024, rafFrozen=True
[03:47]   [timing] trigger_3d_previews: 0.0s
[03:48]   Saved high-quality screenshot: sharp_basic_executed.png
[03:48]   [timing] final_screenshot: 1.6s
[03:48] Capturing execution frames: sharp_exif.json
[03:49]   [Console-error] Failed to load resource: the server responded with a status of 404 (Not Found)
[03:49]   [Console-error] Failed to load resource: the server responded with a status of 404 (Not Found)
[03:49]   [Console-error] Failed to load resource: the server responded with a status of 404 (Not Found)
[03:49]   [Console-error] Failed to load resource: the server responded with a status of 404 (Not Found)
[03:49]   [Console-error] Failed to load resource: the server responded with a status of 404 (Not Found)
[03:49]   [Console-error] Failed to load resource: the server responded with a status of 404 (Not Found)
[03:49]   [Console-warning] WARNING: Multiple instances of Three.js being imported.
[03:49]   [Console-warning] [ComfyUI Deprecated] Importing from "scripts/ui.js" is deprecated and will be removed in v1.34.
[03:49]   [Console-warning] [MaskEditor] ComfyApp.open_maskeditor is deprecated. Plugins should migrate to using the command system or direct node context menu integration.
[03:50]   [Console-warning] [ComfyUI Deprecated] Importing from "scripts/ui/components/buttonGroup.js" is deprecated and will be removed in v1.34.
[03:50]   [Console-warning] [ComfyUI Deprecated] Importing from "scripts/ui/components/button.js" is deprecated and will be removed in v1.34.
[03:54]   Frame 1 saved (frame_000.jpg, t=0.0s)
[03:55]   Validating workflow...
[03:55]   Queuing workflow for execution...
[03:57]   Frame 2 saved (frame_001.jpg, t=2.2s)
[04:55]   Frame 3 saved (frame_002.jpg, t=60.8s)
[06:39]   Frame 4 saved (frame_003.jpg, t=164.9s)
[06:40]   Node executed (1 total), capturing...
[06:41]   Frame 5 saved (frame_004.jpg, t=165.6s)
[06:41]   Execution complete (t=165.6s)
[06:41]   [3d-wait] viewer_ready=True, matching_logs=['[Console-log] [GaussianViewer] Loaded successfully from URL'], total_console_logs=86
[06:41]   [3d-wait] Already loaded, skipping wait
[06:41]   [3d-wait] Unfrozen, waiting for first paint...
[06:57]   [3d-wait] Frozen after viewer render
[06:57]   Captured 5 unique frames over 183.11s
[07:14]   [debug] iframes: 1
[07:14]   [debug]   iframe[0]: src=http://127.0.0.1:8188/extensions/ComfyUI-GeometryPack/viewer_gaussian.html?v=177, canvas=3040x2022, rafFrozen=True
[07:14]   [timing] trigger_3d_previews: 0.0s
[07:15]   Saved high-quality screenshot: sharp_exif_executed.png
[07:15]   [timing] final_screenshot: 1.4s
[07:15] Results saved to /home/runner/work/ComfyUI-Sharp/ComfyUI-Sharp/comfy-test-logs/Sharp-1201/linux-cpu/results.json
[07:15] Model report: 3 files, 2.6 GB -> /home/runner/work/ComfyUI-Sharp/ComfyUI-Sharp/comfy-test-logs/Sharp-1201/linux-cpu/models.json
[07:15] Saved: /home/runner/work/ComfyUI-Sharp/ComfyUI-Sharp/comfy-test-logs/Sharp-1201/linux-cpu/index.html
[07:15] [EXECUTION] PASSED
[07:15] 
linux: PASSED
