[Console-error] Failed to load resource: the server responded with a status of 404 (Not Found)
[Console-error] Failed to load resource: the server responded with a status of 404 (Not Found)
[Console-error] Failed to load resource: the server responded with a status of 404 (Not Found)
[Console-error] Failed to load resource: the server responded with a status of 404 (Not Found)
[Console-error] Failed to load resource: the server responded with a status of 404 (Not Found)
[Console-log] [GeomPack] Loading UV mesh preview extension...
[Console-log] [GeomPack] UV mesh preview extension registered
[Console-log] [GeomPack] Loading VTK.js textured mesh preview extension...
[Console-log] [GeomPack] VTK.js textured mesh preview extension registered
[Console-log] [GeomPack Gaussian] Loading extension...
[Console-log] [FBX Preview] Auto-registering for all known FBX preview node types...
[Console-log] [UniRig] Loading FBX mesh preview extension...
[Console-log] [UniRig] Detected extension folder: ComfyUI-GeometryPack
[Console-log] [UniRig] FBX mesh preview extension registered
[Console-log] [SAM3DBody] Loading FBX mesh preview extension...
[Console-log] [SAM3DBody] Detected extension folder: ComfyUI-GeometryPack
[Console-log] [SAM3DBody] FBX mesh preview extension registered
[Console-log] [MotionCapture] Loading FBX mesh preview extension...
[Console-log] [MotionCapture] Detected extension folder: ComfyUI-GeometryPack
[Console-log] [MotionCapture] FBX mesh preview extension registered
[Console-log] [MotionCapture] Loading FBX mesh preview extension...
[Console-log] [MotionCapture] Detected extension folder: ComfyUI-GeometryPack
[Console-log] [MotionCapture] FBX mesh preview extension registered
[Console-log] [UniRig Compare] Loading compare skeleton widget...
[Console-log] [UniRig Compare] Detected extension folder: ComfyUI-GeometryPack
[Console-log] [UniRig Compare] Compare skeleton widget registered
[Console-log] [UniRig Debug] Loading FBX mesh preview extension...
[Console-log] [UniRig Debug] Detected extension folder: ComfyUI-GeometryPack
[Console-log] [UniRig Debug] FBX mesh preview extension registered
[Console-log] [BVHViewer] Loading BVH Viewer extension
[Console-log] [BVHViewer] Loading BVH viewer extension...
[Console-log] [BVHViewer] Extension registered: comfy3d.bvhviewer
[Console-log] [DynamicWidgets] Loading extension...
[Console-log] [DynamicWidgets] Extension registered
[Console-log] [GeomPack] Loading mesh preview extension...
[Console-log] [GeomPack] Mesh preview extension registered
[Console-log] [CompareSMPLBVH] Loading Compare SMPL BVH extension
[Console-log] [CompareSMPLBVH] Loading Compare SMPL BVH extension...
[Console-log] [CompareSMPLBVH] Extension registered: comfy3d.comparesmplbvh
[Console-log] [GeomPack Multi JS] Loading mesh_preview_multi.js extension
[Console-log] [FBXAnimationViewer] Loading FBX Animation Viewer extension
[Console-log] [FBXAnimationViewer] Loading FBX Animation Viewer extension...
[Console-log] [FBXAnimationViewer] Extension registered: comfy3d.fbxanimationviewer
[Console-warning] [ComfyUI Deprecated] Importing from "scripts/ui.js" is deprecated and will be removed in v1.34.
[Console-warning] WARNING: Multiple instances of Three.js being imported.
[Console-log] [VTK Bundle] GLTFImporter included in bundle
[Console-warning] [MaskEditor] ComfyApp.open_maskeditor is deprecated. Plugins should migrate to using the command system or direct node context menu integration.
[Console-log] [DynamicWidgets] Loaded mappings for 6 nodes
[Console-log] [GeomPack] Registering Preview Mesh node
[Console-log] [GeomPack] Registering Preview Mesh UV node
[Console-log] [GeomPack Gaussian] Registering Preview Gaussian node
[Console-warning] [ComfyUI Deprecated] Importing from "scripts/ui/components/buttonGroup.js" is deprecated and will be removed in v1.34.
[Console-warning] [ComfyUI Deprecated] Importing from "scripts/ui/components/button.js" is deprecated and will be removed in v1.34.
[Console-log] [GaussianViewer] Initialized successfully
[Console-log] [GaussianViewer] Ready - waiting for LOAD_MESH message
[Console-warning] [.WebGL-0x6c0c077f9b00]GL Driver Message (OpenGL, Performance, GL_CLOSE_PATH_NV, High): GPU stall due to ReadPixels
[Console-warning] [.WebGL-0x6c0c077f9b00]GL Driver Message (OpenGL, Performance, GL_CLOSE_PATH_NV, High): GPU stall due to ReadPixels
[Console-warning] [.WebGL-0x6c0c077f9b00]GL Driver Message (OpenGL, Performance, GL_CLOSE_PATH_NV, High): GPU stall due to ReadPixels
[Console-warning] [.WebGL-0x6c0c077f9b00]GL Driver Message (OpenGL, Performance, GL_CLOSE_PATH_NV, High): GPU stall due to ReadPixels (this message will no longer repeat)
[Console-log] [comfy-test] graphToPrompt: 4 nodes, missing class_type: [], sample: {"inputs":{"image":"beach.jpg"},"class_type":"LoadImage","_meta":{"title":"Load Image"}}
[Console-log] [GeomPack Gaussian] onExecuted called with: {ply_file: Array(1), filename: Array(1), file_size_mb: Array(1), extrinsics: Array(1), intrinsics: Array(1)}
[Console-log] [GeomPack Gaussian] Resized node to: 512 x 401 (aspect ratio: 1.50 )
[Console-log] [GaussianViewer] Received LOAD_MESH_URL: /view?filename=sharp_1771675609766.ply&type=output&subfolder=
[Console-log] [GaussianViewer] Pre-calculated scale compensation: 26.12 x
[Console-log] [GaussianViewer] Loading from URL: /view?filename=sharp_1771675609766.ply&type=output&subfolder=
[Console-log] [GaussianViewer] Scene bounds center: -3.124861717224121 -2.4829659461975098 21.13189858198166
[Console-log] [GaussianViewer] Scene bounds size: 47.463876724243164 28.461588859558105 41.46399366855621
[Console-log] [GaussianViewer] Applied scale compensation: 26.12 x, 1179648 gaussians
[Console-log] [GaussianViewer] Setting camera from extrinsics/intrinsics
[Console-log] [GaussianViewer] Extrinsics: [[1,0,0,0],[0,1,0,0],[0,0,1,0],[0,0,0,1]]
[Console-log] [GaussianViewer] Intrinsics: [[1279.9999999999998,0,768],[0,1279.9999999999998,512],[0,0,1]]
[Console-log] [GaussianViewer] Computed camera position from extrinsics: 0 0 0
[Console-log] [GaussianViewer] Intrinsics: fx= 1279.9999999999998 fy= 1279.9999999999998 cx= 768 cy= 512
[Console-log] [GaussianViewer] Image dimensions (from intrinsics): 1536 x 1024
[Console-log] [GaussianViewer] Locking resolution to native: 1536x1024
[Console-log] [GaussianViewer] Native resolution: 1536 x 1024
[Console-log] [GaussianViewer] Container size: 588 x 610
[Console-log] [GaussianViewer] Gaussian scale compensation (with 3x boost): 7.84 x
[Console-log] [GaussianViewer] Calculated FOV: 43.60281897270364 degrees
[Console-log] [GaussianViewer] Target Z distance: 2.4999999999999996
[Console-log] [GaussianViewer] Scene center: -3.124861717224121 2.4829659461975098 21.13189858198166
[Console-log] [GaussianViewer] Closest point Z: 0.4
[Console-log] [GaussianViewer] Orbit center Z: 0.6 (closest + 50%)
[Console-log] [GaussianViewer] Camera set to position: 0 0 0
[Console-log] [GaussianViewer] Looking at target: 0 0 21.13189858198166
[Console-log] [GaussianViewer] This should match the original input image view
[Console-log] [GaussianViewer] Loaded successfully from URL