Capturing execution frames: sharp_exif.json
  [Console-error] Failed to load resource: the server responded with a status of 404 (Not Found)
  [Console-error] Failed to load resource: the server responded with a status of 404 (Not Found)
  [Console-error] Failed to load resource: the server responded with a status of 404 (Not Found)
  [Console-error] Failed to load resource: the server responded with a status of 404 (Not Found)
  [Console-error] Failed to load resource: the server responded with a status of 404 (Not Found)
  [Console-error] Failed to load resource: the server responded with a status of 404 (Not Found)
  [Console-warning] WARNING: Multiple instances of Three.js being imported.
  [Console-warning] [ComfyUI Deprecated] Importing from "scripts/ui.js" is deprecated and will be removed in v1.34.
  [Console-warning] [MaskEditor] ComfyApp.open_maskeditor is deprecated. Plugins should migrate to using the command system or direct node context menu integration.
  [Console-warning] [ComfyUI Deprecated] Importing from "scripts/ui/components/buttonGroup.js" is deprecated and will be removed in v1.34.
  [Console-warning] [ComfyUI Deprecated] Importing from "scripts/ui/components/button.js" is deprecated and will be removed in v1.34.
  Frame 1 saved (frame_000.jpg, t=0.0s)
  Validating workflow...
  Queuing workflow for execution...
  Frame 2 saved (frame_001.jpg, t=2.2s)
  Frame 3 saved (frame_002.jpg, t=60.8s)
  Frame 4 saved (frame_003.jpg, t=164.9s)
  Node executed (1 total), capturing...
  Frame 5 saved (frame_004.jpg, t=165.6s)
  Execution complete (t=165.6s)
  [3d-wait] viewer_ready=True, matching_logs=['[Console-log] [GaussianViewer] Loaded successfully from URL'], total_console_logs=86
  [3d-wait] Already loaded, skipping wait
  [3d-wait] Unfrozen, waiting for first paint...
  [3d-wait] Frozen after viewer render
  Captured 5 unique frames over 183.11s
  [debug] iframes: 1
  [debug]   iframe[0]: src=http://127.0.0.1:8188/extensions/ComfyUI-GeometryPack/viewer_gaussian.html?v=177, canvas=3040x2022, rafFrozen=True
  [timing] trigger_3d_previews: 0.0s
  Saved high-quality screenshot: sharp_exif_executed.png
  [timing] final_screenshot: 1.4s
    Captured 6 video frames